c:\users\84942\source\repos\project2\gameproject\x64\debug\vc143.pdb
c:\users\84942\source\repos\project2\gameproject\x64\debug\vc143.idb
c:\users\84942\source\repos\project2\gameproject\x64\debug\playerobj.obj
c:\users\84942\source\repos\project2\gameproject\x64\debug\main .obj
c:\users\84942\source\repos\project2\gameproject\x64\debug\imptimer.obj
c:\users\84942\source\repos\project2\gameproject\x64\debug\gamemap.obj
c:\users\84942\source\repos\project2\gameproject\x64\debug\commonfunction.obj
c:\users\84942\source\repos\project2\gameproject\x64\debug\baseobj.obj
c:\users\84942\source\repos\project2\gameproject\x64\debug\player1.obj
c:\users\84942\source\repos\project2\gameproject\x64\debug\text.obj
c:\users\84942\source\repos\project2\gameproject\x64\debug\menu.obj
c:\users\84942\source\repos\project2\gameproject\x64\debug\gameproject.exe
c:\users\84942\source\repos\project2\gameproject\x64\debug\gameproject.ilk
c:\users\84942\source\repos\project2\gameproject\x64\debug\gameproject.pdb
d:\kkcopy\x64\debug\baseobj.obj
d:\kkcopy\x64\debug\commonfunction.obj
d:\kkcopy\x64\debug\gamemap.obj
d:\kkcopy\x64\debug\imptimer.obj
d:\kkcopy\x64\debug\main .obj
d:\kkcopy\x64\debug\menu.obj
d:\kkcopy\x64\debug\player1.obj
d:\kkcopy\x64\debug\playerobj.obj
d:\kkcopy\x64\debug\text.obj
d:\kkcopy\x64\debug\menu.obj.enc
d:\kkcopy\x64\debug\player1.obj.enc
d:\kkcopy\x64\debug\text.obj.enc
d:\kkcopy\x64\debug\gameproject.ilk
d:\kkcopy\x64\debug\vc143.idb
d:\kkcopy\x64\debug\gameproject.pdb
d:\kkcopy\x64\debug\vc143.pdb
d:\kkcopy\x64\debug\gameproject.exe
d:\kkcopy\x64\debug\gameproject.tlog\cl.command.1.tlog
d:\kkcopy\x64\debug\gameproject.tlog\cl.read.1.tlog
d:\kkcopy\x64\debug\gameproject.tlog\cl.write.1.tlog
d:\kkcopy\x64\debug\gameproject.tlog\link.command.1.tlog
d:\kkcopy\x64\debug\gameproject.tlog\link.read.1.tlog
d:\kkcopy\x64\debug\gameproject.tlog\link.write.1.tlog
